Vivado Simulator 2014.4
Time resolution is 1 ps
0
Random number: -2147276288
0
Random number: -2147276288
0
Random number: -2147276288
0
Random number: -2147276288
0
Random number: -2147276288
0
Random number: -2147276288
0
Random number: -2147276288
0
Random number: -2147276288
0
Random number: -2147276288
0
Random number: -2147276288
0
Random number: -2147276288
0
Random number: -2147276288
0
Random number: -2147276288
0
Random number: -2147276288
0
Random number: -2147276288
0
Random number: -2147276288
0
Random number: -2147276288
0
Random number: -2147276288
0
Random number: -2147276288
0
Random number: -2147276288
0
Random number: -2147276288
0
Random number: -2147276288
0
Random number: -2147276288
0
Random number: -2147276288
0
Random number: -2147276288
0
Random number: -2147276288
0
Random number: -2147276288
0
Random number: -2147276288
0
Random number: -2147276288
0
Random number: -2147276288
0
Random number: -2147276288
0
Random number: -2147276288
0
Random number: -2147276288
0
Random number: -2147276288
0
Random number: -2147276288
0
Random number: -2147276288
0
Random number: -2147276288
0
Random number: -2147276288
0
Random number: -2147276288
0
Random number: -2147276288
0
Random number: -2147276288
0
Random number: -2147276288
0
Random number: -2147276288
0
Random number: -2147276288
0
Random number: -2147276288
0
Random number: -2147276288
0
Random number: -2147276288
0
Random number: -2147276288
0
Random number: -2147276288
0
Random number: -2147276288
0
Random number: -2147276288
0
Random number: -2147276288
$finish called at time : 104 ns : File "D:/Rohit_V/Documents/Codes/VS Code/My Learnings/HDL/sequence/sequence.srcs/sim_1/new/tb_seq.v" Line 63
