#-----------------------------------------------------------
# Vivado v2014.4 (64-bit)
# SW Build 1071353 on Tue Nov 18 18:24:04 MST 2014
# IP Build 1070531 on Tue Nov 18 01:10:18 MST 2014
# Start of session at: Fri Jan 12 22:30:51 2024
# Process ID: 5096
# Log file: F:/comparator/vivado.log
# Journal file: F:/comparator\vivado.jou
#-----------------------------------------------------------
start_gui
open_project F:/comparator/comparator.xpr
INFO: [Project 1-313] Project file moved from 'E:/1BM22EC201/comparator' since last save.
Scanning sources...
Finished scanning sources
INFO: [IP_Flow 19-234] Refreshing IP repositories
INFO: [IP_Flow 19-1704] No user IP repositories specified
INFO: [IP_Flow 19-2313] Loaded Vivado IP repository 'D:/Xilinx/Vivado/2014.4/data/ip'.
open_project: Time (s): cpu = 00:00:06 ; elapsed = 00:00:09 . Memory (MB): peak = 656.328 ; gain = 113.238
update_compile_order -fileset sources_1
update_compile_order -fileset sim_1
exit
INFO: [Common 17-206] Exiting Vivado at Fri Jan 12 22:32:44 2024...
